Build started 22/11/2017 11:36:19 p. m..
     1>Project "C:\Users\ArturoIsmael\Documents\Visual Studio 2013\Projects\DIMyRRRAI\Practica_1\Practica_1.vcxproj" on node 2 (Build target(s)).
     1>C:\Program Files (x86)\MSBuild\Microsoft.Cpp\v4.0\V120\Microsoft.CppBuild.targets(381,5): warning MSB8028: The intermediate directory (Debug\) contains files shared from another project (Transformations.vcxproj).  This can lead to incorrect clean and rebuild behavior.
     1>ClCompile:
         C:\Program Files (x86)\Microsoft Visual Studio 12.0\VC\bin\CL.exe /c /I"../../external/glm-0.9.5.2/glm" /I"../../external/glew-1.10.0-win32/glew-1.10.0/include" /I"../../external/glfw-3.1.bin.WIN32/include" /I"../../external/assimp-3.1.1/include" /I"../../external/freetype-2.3.5-1-bin/include" /I"../../external/freetype-2.3.5-1-bin/include/freetype2" /I../../external/FreeImage3170/FreeImage/Source /I../../external/AntTweakBar/include /I"../../external/cegui-0.8.7/cegui/include" /ZI /nologo /W3 /WX- /sdl /Od /Oy- /D WIN32 /D _DEBUG /D _CONSOLE /D _LIB /D _CRT_SECURE_NO_WARNINGS /D _UNICODE /D UNICODE /Gm /EHsc /RTC1 /MDd /GS /fp:precise /Zc:wchar_t /Zc:forScope /Fo"Debug\\" /Fd"Debug\vc120.pdb" /Gd /TP /analyze- /errorReport:prompt src\GLApplication.cpp
         GLApplication.cpp
     1>c:\users\arturoismael\documents\visual studio 2013\projects\dimyrrrai\practica_1\src\headers\inputmanager.h(85): warning C4244: 'argument' : conversion from 'double' to 'const int', possible loss of data
     1>c:\users\arturoismael\documents\visual studio 2013\projects\dimyrrrai\practica_1\src\glapplication.cpp(430): warning C4244: 'initializing' : conversion from 'double' to 'GLfloat', possible loss of data
       Link:
         C:\Program Files (x86)\Microsoft Visual Studio 12.0\VC\bin\link.exe /ERRORREPORT:PROMPT /OUT:"C:\Users\ArturoIsmael\Documents\Visual Studio 2013\Projects\DIMyRRRAI\Debug\Practica_1.exe" /INCREMENTAL /NOLOGO /LIBPATH:"../../external/glew-1.10.0-win32/glew-1.10.0/lib/Release/Win32" /LIBPATH:"../../external/glfw-3.1.bin.WIN32/lib-vc2012" /LIBPATH:"../../external/assimp-3.1.1/build/code/Debug" /LIBPATH:../../external/FreeImage3170/FreeImage/Dist/x32 /LIBPATH:"../../external/freetype-2.3.5-1-bin/lib" /LIBPATH:../../external/AntTweakBar/lib /LIBPATH:"../../external/cegui-0.8.7/build/lib" glew32.lib glfw3.lib opengl32.lib glu32.lib assimpd.lib FreeImaged.lib freetype.lib AntTweakBar.lib "CEGUIBase-0_d.lib" "CEGUIOpenGLRenderer-0_d.lib" CEGUICoreWindowRendererSet_d.lib CEGUISILLYImageCodec_d.lib CEGUIExpatParser_d.lib kernel32.lib user32.lib gdi32.lib winspool.lib comdlg32.lib advapi32.lib shell32.lib ole32.lib oleaut32.lib uuid.lib odbc32.lib odbccp32.lib /MANIFEST /MANIFESTUAC:"level='asInvoker' uiAccess='false'" /manifest:embed /DEBUG /PDB:"C:\Users\ArturoIsmael\Documents\Visual Studio 2013\Projects\DIMyRRRAI\Debug\Practica_1.pdb" /SUBSYSTEM:CONSOLE /TLBID:1 /DYNAMICBASE /NXCOMPAT /IMPLIB:"C:\Users\ArturoIsmael\Documents\Visual Studio 2013\Projects\DIMyRRRAI\Debug\Practica_1.lib" /MACHINE:X86 Debug\GLApplication.obj
         Debug\GLFWManager.obj
         Debug\InputManager.obj
         Debug\main.obj
         Debug\Shader.obj
         Debug\Texture.obj
         Debug\TimeManager.obj
     1>LINK : warning LNK4098: defaultlib 'MSVCRT' conflicts with use of other libs; use /NODEFAULTLIB:library
         Practica_1.vcxproj -> C:\Users\ArturoIsmael\Documents\Visual Studio 2013\Projects\DIMyRRRAI\Debug\Practica_1.exe
     1>Done Building Project "C:\Users\ArturoIsmael\Documents\Visual Studio 2013\Projects\DIMyRRRAI\Practica_1\Practica_1.vcxproj" (Build target(s)).

Build succeeded.

Time Elapsed 00:00:02.62
